[2025-03-17 09:51:30] User -> Save Data | approve admin change yes ->admin@pds| 1 - 15091 - Wheat
[2025-03-17 09:51:30] User -> Save Data | approve admin change yes ->admin@pds| 203 - 15739 - Wheat
[2025-03-17 09:58:30] User -> Save Data | approve admin change yes ->admin@pds| FCI2 - 1
[2025-03-17 09:58:30] User -> Save Data | approve admin change yes ->admin@pds| FCI2 - 203
[2025-03-17 09:59:13] Admin User -> Save Data | implemeneted ->admin@pds| FCI2 - 1
[2025-03-17 09:59:13] Admin User -> Save Data | implemeneted ->admin@pds| FCI2 - 203
[2025-03-17 10:13:46] User -> Save Data | approve district change id ->admin@pds| 203 - 15747| 10
[2025-03-17 10:22:42] User -> Save Data | approve admin change yes ->admin@pds| 204 - 15411 - Wheat
[2025-03-17 10:22:42] User -> Save Data | approve admin change yes ->admin@pds| 204 - 15412 - Wheat
[2025-03-17 10:22:42] User -> Save Data | approve admin change yes ->admin@pds| 204 - 15740 - Wheat
[2025-03-17 10:22:42] User -> Save Data | approve admin change yes ->admin@pds| 204 - 15742 - Wheat
[2025-03-17 10:22:42] User -> Save Data | approve admin change yes ->admin@pds| 204 - 15745 - Wheat
[2025-03-17 10:22:42] User -> Save Data | approve admin change yes ->admin@pds| 1 - 15091 - Rice
[2025-03-17 10:22:42] User -> Save Data | approve admin change yes ->admin@pds| 203 - 15739 - Rice
[2025-03-17 10:22:42] User -> Save Data | approve admin change yes ->admin@pds| 204 - 15411 - Rice
[2025-03-17 10:22:42] User -> Save Data | approve admin change yes ->admin@pds| 204 - 15412 - Rice
[2025-03-17 10:22:42] User -> Save Data | approve admin change yes ->admin@pds| 204 - 15740 - Rice
[2025-03-17 10:22:42] User -> Save Data | approve admin change yes ->admin@pds| 204 - 15742 - Rice
[2025-03-17 10:22:42] User -> Save Data | approve admin change yes ->admin@pds| 204 - 15745 - Rice
[2025-03-17 10:22:42] User -> Save Data | approve admin change yes ->admin@pds| 1 - 15091 - FRice
[2025-03-17 10:22:42] User -> Save Data | approve admin change yes ->admin@pds| 203 - 15739 - FRice
[2025-03-17 10:22:42] User -> Save Data | approve admin change yes ->admin@pds| 204 - 15411 - FRice
[2025-03-17 10:22:42] User -> Save Data | approve admin change yes ->admin@pds| 204 - 15412 - FRice
[2025-03-17 10:22:42] User -> Save Data | approve admin change yes ->admin@pds| 204 - 15740 - FRice
[2025-03-17 10:22:42] User -> Save Data | approve admin change yes ->admin@pds| 204 - 15742 - FRice
[2025-03-17 10:22:42] User -> Save Data | approve admin change yes ->admin@pds| 204 - 15745 - FRice
[2025-03-17 10:25:20] User -> Save Data | approve admin change yes ->admin@pds| FCI2 - 204
[2025-03-17 10:25:20] User -> Save Data | approve admin change yes ->admin@pds| FCI2 - 1
[2025-03-17 10:25:20] User -> Save Data | approve admin change yes ->admin@pds| FCI2 - 1
[2025-03-17 10:25:20] User -> Save Data | approve admin change yes ->admin@pds| FCI2 - 203
[2025-03-17 10:25:21] User -> Save Data | approve admin change yes ->admin@pds| FCI2 - 203
[2025-03-17 10:25:21] User -> Save Data | approve admin change yes ->admin@pds| FCI2 - 204
[2025-03-17 10:25:21] User -> Save Data | approve admin change yes ->admin@pds| FCI2 - 204
