[2025-04-03 10:58:54] User -> Send  Message ->admin@pds| Requested JSON -> {"message":"Hello","uniqueid":"all"} | Ahmedabad@pds
[2025-04-03 10:58:54] User -> Send  Message ->admin@pds| Requested JSON -> {"message":"Hello","uniqueid":"all"} | AhmedabadCity@pds
[2025-04-03 10:58:54] User -> Send  Message ->admin@pds| Requested JSON -> {"message":"Hello","uniqueid":"all"} | Amreli@pds
[2025-04-03 10:58:54] User -> Send  Message ->admin@pds| Requested JSON -> {"message":"Hello","uniqueid":"all"} | Anand@pds
[2025-04-03 10:58:54] User -> Send  Message ->admin@pds| Requested JSON -> {"message":"Hello","uniqueid":"all"} | Arvalli@pds
[2025-04-03 10:58:54] User -> Send  Message ->admin@pds| Requested JSON -> {"message":"Hello","uniqueid":"all"} | Banaskantha@pds
[2025-04-03 10:58:55] User -> Send  Message ->admin@pds| Requested JSON -> {"message":"Hello","uniqueid":"all"} | Baroda@pds
[2025-04-03 10:58:55] User -> Send  Message ->admin@pds| Requested JSON -> {"message":"Hello","uniqueid":"all"} | Bharuch@pds
[2025-04-03 10:58:55] User -> Send  Message ->admin@pds| Requested JSON -> {"message":"Hello","uniqueid":"all"} | Bhavanagar@pds
[2025-04-03 10:58:55] User -> Send  Message ->admin@pds| Requested JSON -> {"message":"Hello","uniqueid":"all"} | Botad@pds
[2025-04-03 10:58:55] User -> Send  Message ->admin@pds| Requested JSON -> {"message":"Hello","uniqueid":"all"} | Chottaudepur@pds
[2025-04-03 10:58:55] User -> Send  Message ->admin@pds| Requested JSON -> {"message":"Hello","uniqueid":"all"} | Dahod@pds
[2025-04-03 10:58:55] User -> Send  Message ->admin@pds| Requested JSON -> {"message":"Hello","uniqueid":"all"} | Dang@pds
[2025-04-03 10:58:55] User -> Send  Message ->admin@pds| Requested JSON -> {"message":"Hello","uniqueid":"all"} | DevbhumiDwarka@pds
[2025-04-03 10:58:55] User -> Send  Message ->admin@pds| Requested JSON -> {"message":"Hello","uniqueid":"all"} | Gandhinagar@pds
[2025-04-03 10:58:55] User -> Send  Message ->admin@pds| Requested JSON -> {"message":"Hello","uniqueid":"all"} | GirSomnath@pds
[2025-04-03 10:58:55] User -> Send  Message ->admin@pds| Requested JSON -> {"message":"Hello","uniqueid":"all"} | Jamnagar@pds
[2025-04-03 10:58:55] User -> Send  Message ->admin@pds| Requested JSON -> {"message":"Hello","uniqueid":"all"} | Junagadh@pds
[2025-04-03 10:58:55] User -> Send  Message ->admin@pds| Requested JSON -> {"message":"Hello","uniqueid":"all"} | Kheda@pds
[2025-04-03 10:58:55] User -> Send  Message ->admin@pds| Requested JSON -> {"message":"Hello","uniqueid":"all"} | Kutch@pds
[2025-04-03 10:58:55] User -> Send  Message ->admin@pds| Requested JSON -> {"message":"Hello","uniqueid":"all"} | Mahisagar@pds
[2025-04-03 10:58:55] User -> Send  Message ->admin@pds| Requested JSON -> {"message":"Hello","uniqueid":"all"} | Mehsana@pds
[2025-04-03 10:58:55] User -> Send  Message ->admin@pds| Requested JSON -> {"message":"Hello","uniqueid":"all"} | Morbi@pds
[2025-04-03 10:58:55] User -> Send  Message ->admin@pds| Requested JSON -> {"message":"Hello","uniqueid":"all"} | Narmada@pds
[2025-04-03 10:58:55] User -> Send  Message ->admin@pds| Requested JSON -> {"message":"Hello","uniqueid":"all"} | Navasari@pds
[2025-04-03 10:58:55] User -> Send  Message ->admin@pds| Requested JSON -> {"message":"Hello","uniqueid":"all"} | Panchmahal@pds
[2025-04-03 10:58:55] User -> Send  Message ->admin@pds| Requested JSON -> {"message":"Hello","uniqueid":"all"} | Patan@pds
[2025-04-03 10:58:55] User -> Send  Message ->admin@pds| Requested JSON -> {"message":"Hello","uniqueid":"all"} | Porbandar@pds
[2025-04-03 10:58:56] User -> Send  Message ->admin@pds| Requested JSON -> {"message":"Hello","uniqueid":"all"} | Rajkot@pds
[2025-04-03 10:58:56] User -> Send  Message ->admin@pds| Requested JSON -> {"message":"Hello","uniqueid":"all"} | Sabarkantha@pds
[2025-04-03 10:58:56] User -> Send  Message ->admin@pds| Requested JSON -> {"message":"Hello","uniqueid":"all"} | Surat@pds
[2025-04-03 10:58:56] User -> Send  Message ->admin@pds| Requested JSON -> {"message":"Hello","uniqueid":"all"} | Surendranagar@pds
[2025-04-03 10:58:56] User -> Send  Message ->admin@pds| Requested JSON -> {"message":"Hello","uniqueid":"all"} | Tapi@pds
[2025-04-03 10:58:56] User -> Send  Message ->admin@pds| Requested JSON -> {"message":"Hello","uniqueid":"all"} | Valsad@pds
[2025-04-03 10:58:56] User -> Send  Message ->admin@pds| Requested JSON -> {"message":"Hello","uniqueid":"all"} | Valsad@pds
[2025-04-03 11:10:23] User -> Save Data | approve admin change yes ->admin@pds| 225 - 17791 - Wheat
[2025-04-03 11:10:23] User -> Save Data | approve admin change yes ->admin@pds| 225 - 17792 - Wheat
[2025-04-03 11:10:23] User -> Save Data | approve admin change yes ->admin@pds| 225 - 17978 - Wheat
[2025-04-03 11:10:23] User -> Save Data | approve admin change yes ->admin@pds| 225 - 17982 - Wheat
[2025-04-03 11:10:23] User -> Save Data | approve admin change yes ->admin@pds| 225 - 17988 - Wheat
[2025-04-03 11:10:23] User -> Save Data | approve admin change yes ->admin@pds| 225 - 17997 - Wheat
[2025-04-03 11:10:23] User -> Save Data | approve admin change yes ->admin@pds| 225 - 18020 - Wheat
[2025-04-03 11:10:24] User -> Save Data | approve admin change yes ->admin@pds| 225 - 17792 - Rice
[2025-04-03 11:10:24] User -> Save Data | approve admin change yes ->admin@pds| 225 - 17978 - Rice
[2025-04-03 11:10:24] User -> Save Data | approve admin change yes ->admin@pds| 225 - 17988 - Rice
[2025-04-03 11:10:24] User -> Save Data | approve admin change yes ->admin@pds| 225 - 17792 - FRice
[2025-04-03 11:10:24] User -> Save Data | approve admin change yes ->admin@pds| 225 - 17978 - FRice
[2025-04-03 11:10:25] User -> Save Data | approve admin change yes ->admin@pds| 225 - 17988 - FRice
[2025-04-03 12:39:34] User -> Warehouse deleted -> admin@pds| Requested JSON -> {"uid":"all"} | all
[2025-04-03 12:39:55] User -> Warehouse Added -> admin@pds| dhe
[2025-04-03 12:39:55] User -> Warehouse Added -> admin@pds| dhe
[2025-04-03 12:39:55] User -> Warehouse Added -> admin@pds| dhe
[2025-04-03 12:39:55] User -> Warehouse Added -> admin@pds| dhe
[2025-04-03 12:39:55] User -> Warehouse Added -> admin@pds| dhe
[2025-04-03 12:39:55] User -> Warehouse Added -> admin@pds| dhe
[2025-04-03 12:39:55] User -> Warehouse Added -> admin@pds| dhe
[2025-04-03 12:39:55] User -> Warehouse Added -> admin@pds| dhe
[2025-04-03 12:39:55] User -> Warehouse Added -> admin@pds| dhe
[2025-04-03 12:39:56] User -> Warehouse Added -> admin@pds| dhe
[2025-04-03 12:40:12] User -> Warehouse Edit -> | dhe
[2025-04-03 12:40:12] User -> Warehouse Edit -> | dhe
[2025-04-03 12:40:12] User -> Warehouse Edit -> | dhe
[2025-04-03 12:40:12] User -> Warehouse Edit -> | dhe
[2025-04-03 12:40:12] User -> Warehouse Edit -> | dhe
[2025-04-03 12:40:12] User -> Warehouse Edit -> | dhe
[2025-04-03 12:40:12] User -> Warehouse Edit -> | dhe
[2025-04-03 12:40:12] User -> Warehouse Edit -> | dhe
[2025-04-03 12:40:12] User -> Warehouse Edit -> | dhe
[2025-04-03 12:40:12] User -> Warehouse Edit -> | dhe
[2025-04-03 12:41:35] User -> Warehouse Edit -> admin@pds| dhe
[2025-04-03 12:41:36] User -> Warehouse Edit -> admin@pds| dhe
[2025-04-03 12:41:36] User -> Warehouse Edit -> admin@pds| dhe
[2025-04-03 12:41:36] User -> Warehouse Edit -> admin@pds| dhe
[2025-04-03 12:41:36] User -> Warehouse Edit -> admin@pds| dhe
[2025-04-03 12:41:36] User -> Warehouse Edit -> admin@pds| dhe
[2025-04-03 12:41:36] User -> Warehouse Edit -> admin@pds| dhe
[2025-04-03 12:41:36] User -> Warehouse Edit -> admin@pds| dhe
[2025-04-03 12:41:36] User -> Warehouse Edit -> admin@pds| dhe
[2025-04-03 12:41:36] User -> Warehouse Edit -> admin@pds| dhe
[2025-04-03 12:47:06] User -> FPS deleted -> admin@pds| Requested JSON -> {"uid":"all"} | all
[2025-04-03 12:48:52] User -> FPS Added -> | Abc
[2025-04-03 12:48:52] User -> FPS Added -> | Abc
[2025-04-03 12:48:52] User -> FPS Added -> | abc
[2025-04-03 12:48:52] User -> FPS Added -> | abc
[2025-04-03 12:48:52] User -> FPS Added -> | abc
[2025-04-03 12:48:52] User -> FPS Added -> | abc
[2025-04-03 12:48:52] User -> FPS Added -> | abc
[2025-04-03 12:48:52] User -> FPS Added -> | abc
[2025-04-03 12:48:52] User -> FPS Added -> | abc
[2025-04-03 12:48:52] User -> FPS Added -> | abc
[2025-04-03 12:48:52] User -> FPS Added -> | abc
[2025-04-03 12:48:52] User -> FPS Added -> | abc
[2025-04-03 12:48:52] User -> FPS Added -> | abc
[2025-04-03 12:48:52] User -> FPS Added -> | abc
[2025-04-03 12:48:52] User -> FPS Added -> | abc
[2025-04-03 12:48:52] User -> FPS Added -> | abc
[2025-04-03 12:48:52] User -> FPS Added -> | abc
[2025-04-03 12:48:52] User -> FPS Added -> | abc
[2025-04-03 12:48:52] User -> FPS Added -> | abc
[2025-04-03 12:50:37] User -> FPS deleted -> admin@pds| Requested JSON -> {"uid":"all"} | all
[2025-04-03 12:50:53] User -> FPS Added -> admin@pds| Abc
[2025-04-03 12:50:53] User -> FPS Added -> admin@pds| Abc
[2025-04-03 12:50:53] User -> FPS Added -> admin@pds| abc
[2025-04-03 12:50:53] User -> FPS Added -> admin@pds| abc
[2025-04-03 12:50:53] User -> FPS Added -> admin@pds| abc
[2025-04-03 12:50:53] User -> FPS Added -> admin@pds| abc
[2025-04-03 12:50:53] User -> FPS Added -> admin@pds| abc
[2025-04-03 12:50:53] User -> FPS Added -> admin@pds| abc
[2025-04-03 12:50:53] User -> FPS Added -> admin@pds| abc
[2025-04-03 12:50:53] User -> FPS Added -> admin@pds| abc
[2025-04-03 12:50:53] User -> FPS Added -> admin@pds| abc
[2025-04-03 12:50:53] User -> FPS Added -> admin@pds| abc
[2025-04-03 12:50:53] User -> FPS Added -> admin@pds| abc
[2025-04-03 12:50:53] User -> FPS Added -> admin@pds| abc
[2025-04-03 12:50:53] User -> FPS Added -> admin@pds| abc
[2025-04-03 12:50:54] User -> FPS Added -> admin@pds| abc
[2025-04-03 12:50:54] User -> FPS Added -> admin@pds| abc
[2025-04-03 12:50:54] User -> FPS Added -> admin@pds| abc
[2025-04-03 12:50:54] User -> FPS Added -> admin@pds| abc
[2025-04-03 12:52:04] User -> Model FPS InActive -> admin@pds| Ahmedabad
[2025-04-03 12:52:14] User -> Normal FPS InActive -> admin@pds| Ahmedabad
[2025-04-03 12:56:26] User -> FPS added ->admin@pds| Requested JSON -> {"name":"test","type":"Model FPS","latitude":"31.3367","longitude":"78.5","district":"Ahmedabad","id":"admin@pds","demand":"4567","demand_rice":"500","demand_frice":"12"}
[2025-04-03 12:57:39] User -> Delete Message ->admin@pds| Requested JSON -> Hello | Mahisagar@pds
[2025-04-03 12:57:42] User -> Delete Message ->admin@pds| Requested JSON -> Hello | DevbhumiDwarka@pds
[2025-04-03 12:57:45] User -> Delete Message ->admin@pds| Requested JSON -> Hello | Mehsana@pds
[2025-04-03 12:57:48] User -> Delete Message ->admin@pds| Requested JSON -> Hello | Dang@pds
[2025-04-03 12:57:51] User -> Delete Message ->admin@pds| Requested JSON -> Hello | Junagadh@pds
[2025-04-03 12:57:59] User -> Send  Message ->admin@pds| Requested JSON -> {"message":"dfsdfa","uniqueid":"66405a2bc3053"} | Baroda@pds
[2025-04-03 12:58:02] User -> Delete Message ->admin@pds| Requested JSON -> Hello | Surat@pds
[2025-04-03 12:58:05] User -> Delete Message ->admin@pds| Requested JSON -> Hello | Porbandar@pds
[2025-04-03 12:58:07] User -> Delete Message ->admin@pds| Requested JSON -> hello | Ahmedabad@pds
[2025-04-03 12:58:09] User -> Delete Message ->admin@pds| Requested JSON -> Hello | Bharuch@pds
[2025-04-03 13:05:46] User -> Delete Message ->admin@pds| Requested JSON -> Hello | Ahmedabad@pds
[2025-04-03 13:05:49] User -> Delete Message ->admin@pds| Requested JSON -> Hello | AhmedabadCity@pds
[2025-04-03 13:17:38] User -> Save Data | approve admin change yes ->admin@pds| 225 - 18002 - Wheat
[2025-04-03 13:17:39] User -> Save Data | approve admin change no ->admin@pds| 225 - 18001 - Wheat
[2025-04-03 13:17:39] User -> Save Data | approve district change id ->admin@pds| 225 - 18000| 2
[2025-04-03 13:18:29] User -> Save Data | approve admin change yes ->admin@pds| 225 - 17989 - Wheat
[2025-04-03 13:18:57] User -> Save Data | approve admin change yes ->admin@pds| 225 - 17995 - Wheat
[2025-04-03 13:19:25] User -> Save Data | approve admin change yes ->admin@pds| 225 - 17999 - Wheat
[2025-04-03 13:20:26] User -> Save Data | approve admin change yes ->admin@pds| 225 - 17996 - Wheat
[2025-04-03 13:20:46] User -> Save Data | approve admin change yes ->admin@pds| 225 - 17998 - Wheat
[2025-04-03 13:22:17] User -> FPS Edit -> admin@pds| Abc
[2025-04-03 13:22:17] User -> FPS Edit -> admin@pds| Abc
[2025-04-03 13:22:17] User -> FPS Edit -> admin@pds| abc
[2025-04-03 13:22:17] User -> FPS Edit -> admin@pds| abc
[2025-04-03 13:22:18] User -> FPS Edit -> admin@pds| abc
[2025-04-03 13:22:18] User -> FPS Edit -> admin@pds| abc
[2025-04-03 13:22:18] User -> FPS Edit -> admin@pds| abc
[2025-04-03 13:22:19] User -> FPS Edit -> admin@pds| abc
[2025-04-03 13:22:19] User -> FPS Edit -> admin@pds| abc
[2025-04-03 13:22:19] User -> FPS Edit -> admin@pds| abc
[2025-04-03 13:22:19] User -> FPS Edit -> admin@pds| abc
[2025-04-03 13:22:19] User -> FPS Edit -> admin@pds| abc
[2025-04-03 13:22:19] User -> FPS Edit -> admin@pds| abc
[2025-04-03 13:22:19] User -> FPS Edit -> admin@pds| abc
[2025-04-03 13:22:19] User -> FPS Edit -> admin@pds| abc
[2025-04-03 13:22:20] User -> FPS Edit -> admin@pds| abc
[2025-04-03 13:22:20] User -> FPS Edit -> admin@pds| abc
[2025-04-03 13:22:20] User -> FPS Edit -> admin@pds| abc
[2025-04-03 13:22:20] User -> FPS Edit -> admin@pds| abc
[2025-04-03 13:22:20] User -> FPS Edit -> admin@pds| test
[2025-04-03 13:22:28] User -> Model FPS InActive -> admin@pds| Ahmedabad
[2025-04-03 13:22:39] User -> Model FPS Active -> admin@pds| Ahmedabad
[2025-04-03 13:22:46] User -> Normal FPS Active -> admin@pds| Ahmedabad
[2025-04-03 13:34:01] {"id":"syWs9sxlxQFRJK"}
[2025-04-03 13:34:01] User -> Cost for leg2 Reset ->admin@pds| Requested JSON -> {"id":"syWs9sxlxQFRJK"} | 
[2025-04-03 13:36:52] User -> Cost for leg1 Reset ->admin@pds| Requested JSON -> {"id":"B8dbXRwsHISjfQ"} | 
[2025-04-03 13:36:56] User -> Cost for leg1 Added ->admin@pds| Requested JSON -> {"cost_B8dbXRwsHISjfQ":"12345"} | 2024 | sept
[2025-04-03 16:12:53] Admin User -> Save Data | implemeneted ->admin@pds| FCI2 - 1
[2025-04-03 16:15:55] User -> Save Data | approve admin change yes ->admin@pds| 225 - 17791 - Wheat
[2025-04-03 16:16:04] User -> Save Data | approve admin change yes ->admin@pds| 225 - 17792 - Wheat
[2025-04-03 16:16:04] User -> Save Data | approve admin change yes ->admin@pds| 225 - 17978 - Wheat
[2025-04-03 16:16:05] User -> Save Data | approve admin change yes ->admin@pds| 225 - 17982 - Wheat
[2025-04-03 16:16:05] User -> Save Data | approve admin change yes ->admin@pds| 225 - 17988 - Wheat
[2025-04-03 16:16:05] User -> Save Data | approve admin change yes ->admin@pds| 225 - 17989 - Wheat
[2025-04-03 16:16:05] User -> Save Data | approve admin change yes ->admin@pds| 225 - 17997 - Wheat
[2025-04-03 16:16:05] User -> Save Data | approve admin change yes ->admin@pds| 225 - 17998 - Wheat
[2025-04-03 16:16:05] User -> Save Data | approve admin change yes ->admin@pds| 225 - 17999 - Wheat
[2025-04-03 16:16:05] User -> Save Data | approve admin change yes ->admin@pds| 225 - 18000 - Wheat
[2025-04-03 16:16:05] User -> Save Data | approve admin change yes ->admin@pds| 225 - 18001 - Wheat
[2025-04-03 16:16:05] User -> Save Data | approve admin change yes ->admin@pds| 225 - 18004 - Wheat
[2025-04-03 16:16:06] User -> Save Data | approve admin change yes ->admin@pds| 225 - 18007 - Wheat
[2025-04-03 16:16:06] User -> Save Data | approve admin change yes ->admin@pds| 225 - 18010 - Wheat
[2025-04-03 16:16:06] User -> Save Data | approve admin change yes ->admin@pds| 225 - 18013 - Wheat
[2025-04-03 16:16:06] User -> Save Data | approve admin change yes ->admin@pds| 225 - 18020 - Wheat
[2025-04-03 16:16:06] User -> Save Data | approve admin change yes ->admin@pds| 225 - 18022 - Wheat
[2025-04-03 16:16:06] User -> Save Data | approve admin change yes ->admin@pds| 225 - 18046 - Wheat
[2025-04-03 16:16:06] User -> Save Data | approve admin change yes ->admin@pds| 225 - 18048 - Wheat
[2025-04-03 16:16:06] User -> Save Data | approve admin change yes ->admin@pds| 225 - 17791 - Rice
[2025-04-03 16:16:06] User -> Save Data | approve admin change yes ->admin@pds| 225 - 17792 - Rice
[2025-04-03 16:16:06] User -> Save Data | approve admin change yes ->admin@pds| 225 - 17978 - Rice
[2025-04-03 16:16:06] User -> Save Data | approve admin change yes ->admin@pds| 225 - 17982 - Rice
[2025-04-03 16:16:06] User -> Save Data | approve admin change yes ->admin@pds| 225 - 17988 - Rice
[2025-04-03 16:16:06] User -> Save Data | approve admin change yes ->admin@pds| 225 - 17989 - Rice
[2025-04-03 16:16:06] User -> Save Data | approve admin change yes ->admin@pds| 225 - 17997 - Rice
[2025-04-03 16:16:06] User -> Save Data | approve admin change yes ->admin@pds| 225 - 17998 - Rice
[2025-04-03 16:16:06] User -> Save Data | approve admin change yes ->admin@pds| 225 - 17999 - Rice
[2025-04-03 16:16:07] User -> Save Data | approve admin change yes ->admin@pds| 225 - 18000 - Rice
[2025-04-03 16:16:07] User -> Save Data | approve admin change yes ->admin@pds| 225 - 18001 - Rice
[2025-04-03 16:16:07] User -> Save Data | approve admin change yes ->admin@pds| 225 - 18004 - Rice
[2025-04-03 16:16:07] User -> Save Data | approve admin change yes ->admin@pds| 225 - 18007 - Rice
[2025-04-03 16:16:07] User -> Save Data | approve admin change yes ->admin@pds| 225 - 18010 - Rice
[2025-04-03 16:16:07] User -> Save Data | approve admin change yes ->admin@pds| 225 - 18013 - Rice
[2025-04-03 16:16:07] User -> Save Data | approve admin change yes ->admin@pds| 225 - 18020 - Rice
[2025-04-03 16:16:07] User -> Save Data | approve admin change yes ->admin@pds| 225 - 18022 - Rice
[2025-04-03 16:16:07] User -> Save Data | approve admin change yes ->admin@pds| 225 - 18046 - Rice
[2025-04-03 16:16:07] User -> Save Data | approve admin change yes ->admin@pds| 225 - 18048 - Rice
[2025-04-03 16:16:07] User -> Save Data | approve admin change yes ->admin@pds| 225 - 17791 - FRice
[2025-04-03 16:16:07] User -> Save Data | approve admin change yes ->admin@pds| 225 - 17792 - FRice
[2025-04-03 16:16:07] User -> Save Data | approve admin change yes ->admin@pds| 225 - 17978 - FRice
[2025-04-03 16:16:07] User -> Save Data | approve admin change yes ->admin@pds| 225 - 17982 - FRice
[2025-04-03 16:16:07] User -> Save Data | approve admin change yes ->admin@pds| 225 - 17988 - FRice
[2025-04-03 16:16:07] User -> Save Data | approve admin change yes ->admin@pds| 225 - 17989 - FRice
[2025-04-03 16:16:07] User -> Save Data | approve admin change yes ->admin@pds| 225 - 17997 - FRice
[2025-04-03 16:16:08] User -> Save Data | approve admin change yes ->admin@pds| 225 - 17998 - FRice
[2025-04-03 16:16:08] User -> Save Data | approve admin change yes ->admin@pds| 225 - 17999 - FRice
[2025-04-03 16:16:08] User -> Save Data | approve admin change yes ->admin@pds| 225 - 18000 - FRice
[2025-04-03 16:16:08] User -> Save Data | approve admin change yes ->admin@pds| 225 - 18001 - FRice
[2025-04-03 16:16:08] User -> Save Data | approve admin change yes ->admin@pds| 225 - 18004 - FRice
[2025-04-03 16:16:08] User -> Save Data | approve admin change yes ->admin@pds| 225 - 18007 - FRice
[2025-04-03 16:16:08] User -> Save Data | approve admin change yes ->admin@pds| 225 - 18010 - FRice
[2025-04-03 16:16:08] User -> Save Data | approve admin change yes ->admin@pds| 225 - 18013 - FRice
[2025-04-03 16:16:08] User -> Save Data | approve admin change yes ->admin@pds| 225 - 18020 - FRice
[2025-04-03 16:16:08] User -> Save Data | approve admin change yes ->admin@pds| 225 - 18022 - FRice
[2025-04-03 16:16:08] User -> Save Data | approve admin change yes ->admin@pds| 225 - 18046 - FRice
[2025-04-03 16:16:08] User -> Save Data | approve admin change yes ->admin@pds| 225 - 18048 - FRice
[2025-04-03 16:16:08] User -> Save Data | approve admin change yes ->admin@pds| 2 - admin@pds - Wheat
[2025-04-03 16:16:08] User -> Save Data | approve admin change yes ->admin@pds| 2 - admin@pds - Rice
[2025-04-03 16:16:08] User -> Save Data | approve admin change yes ->admin@pds| 2 - admin@pds - FRice
[2025-04-03 16:16:25] User -> Save Data | approve admin change yes ->admin@pds| FCI10 - 10
[2025-04-03 16:16:25] User -> Save Data | approve admin change yes ->admin@pds| FCI10 - 10
[2025-04-03 16:16:33] User -> Save Data | approve admin change yes ->admin@pds| FCI10 - 10
[2025-04-03 16:16:33] User -> Save Data | approve admin change yes ->admin@pds| FCI2 - 1
[2025-04-03 16:16:33] User -> Save Data | approve admin change yes ->admin@pds| FCI2 - 1
[2025-04-03 16:16:33] User -> Save Data | approve admin change yes ->admin@pds| FCI2 - 1
[2025-04-03 16:16:33] User -> Save Data | approve admin change yes ->admin@pds| FCI2 - 203
[2025-04-03 16:16:33] User -> Save Data | approve admin change yes ->admin@pds| FCI2 - 203
[2025-04-03 16:16:33] User -> Save Data | approve admin change yes ->admin@pds| FCI2 - 203
[2025-04-03 16:16:33] User -> Save Data | approve admin change yes ->admin@pds| FCI2 - 204
[2025-04-03 16:16:33] User -> Save Data | approve admin change yes ->admin@pds| FCI2 - 204
[2025-04-03 16:16:33] User -> Save Data | approve admin change yes ->admin@pds| FCI2 - 204
[2025-04-03 16:18:14] Admin User -> Save Data | implemeneted ->admin@pds| FCI2 - 1
[2025-04-03 16:18:23] Admin User -> Save Data | implemeneted ->admin@pds| FCI2 - 1
[2025-04-03 16:18:23] Admin User -> Save Data | implemeneted ->admin@pds| FCI2 - 203
[2025-04-03 16:18:23] Admin User -> Save Data | implemeneted ->admin@pds| FCI2 - 203
[2025-04-03 16:18:23] Admin User -> Save Data | implemeneted ->admin@pds| FCI2 - 203
[2025-04-03 16:18:23] Admin User -> Save Data | implemeneted ->admin@pds| FCI2 - 204
[2025-04-03 16:18:23] Admin User -> Save Data | implemeneted ->admin@pds| FCI2 - 204
[2025-04-03 16:18:23] Admin User -> Save Data | implemeneted ->admin@pds| FCI2 - 204
