[2025-04-05 20:12:50] User -> Save Data | approve admin change yes ->admin@pds| FCI10 - 10
[2025-04-05 20:12:50] User -> Save Data | approve admin change yes ->admin@pds| FCI2 - 1
[2025-04-05 20:12:50] User -> Save Data | approve admin change yes ->admin@pds| FCI2 - 203
[2025-04-05 20:12:50] User -> Save Data | approve admin change yes ->admin@pds| FCI2 - 204
[2025-04-05 20:12:50] User -> Save Data | approve admin change yes ->admin@pds| FCI10 - 10
[2025-04-05 20:12:50] User -> Save Data | approve admin change yes ->admin@pds| FCI10 - 10
[2025-04-05 20:12:51] User -> Save Data | approve admin change yes ->admin@pds| FCI2 - 1
[2025-04-05 20:12:51] User -> Save Data | approve admin change yes ->admin@pds| FCI2 - 1
[2025-04-05 20:12:51] User -> Save Data | approve admin change yes ->admin@pds| FCI2 - 203
[2025-04-05 20:12:51] User -> Save Data | approve admin change yes ->admin@pds| FCI2 - 203
[2025-04-05 20:12:51] User -> Save Data | approve admin change yes ->admin@pds| FCI2 - 204
[2025-04-05 20:12:51] User -> Save Data | approve admin change yes ->admin@pds| FCI2 - 204
[2025-04-05 20:13:21] Admin User -> Save Data | implemeneted ->admin@pds| FCI10 - 10
[2025-04-05 20:13:28] Admin User -> Save Data | implemeneted ->admin@pds| FCI10 - 10
[2025-04-05 20:13:28] Admin User -> Save Data | implemeneted ->admin@pds| FCI10 - 10
[2025-04-05 20:34:56] User -> Cost for leg2 Added ->admin@pds| Requested JSON -> {"cost_LAjQLNkvZEwZQu":"24"} | 2025 | april
[2025-04-05 20:34:58] {"id":"LAjQLNkvZEwZQu"}
[2025-04-05 20:34:58] User -> Cost for leg2 Reset ->admin@pds| Requested JSON -> {"id":"LAjQLNkvZEwZQu"} | 
[2025-04-05 20:35:03] User -> Cost for leg2 Added ->admin@pds| Requested JSON -> {"cost_LAjQLNkvZEwZQu":"23"} | 2025 | april
[2025-04-05 20:35:06] {"id":"LAjQLNkvZEwZQu"}
[2025-04-05 20:35:06] User -> Cost for leg2 Reset ->admin@pds| Requested JSON -> {"id":"LAjQLNkvZEwZQu"} | 
[2025-04-05 20:35:16] User -> Cost for leg2 Added ->admin@pds| Requested JSON -> {"cost_0uZR1go9aaSfUw":"67"} | 2025 | april
[2025-04-05 20:36:53] User -> Warehouse Edit->admin@pds| Requested JSON -> {"name":"dhe","uniqueid":"WH_67ee34438209","active":"1","type":"motorable","latitude":"22.803264","storage":"30000","district":"Ahmedabad","id":"225","warehousetype":"fci","longitude":"72.33348"}
[2025-04-05 20:37:09] User -> Warehouse Edit->admin@pds| Requested JSON -> {"name":"dhe","uniqueid":"WH_67ee34438f5b","active":"1","type":"motorable","latitude":"23.058388","storage":"20000","district":"Ahmedabad","id":"2","warehousetype":"fci","longitude":"72.606031"}
[2025-04-05 20:43:27] User -> Save Data | approve admin change yes ->admin@pds| 225 - 3
[2025-04-05 20:43:27] User -> Save Data | approve admin change yes ->admin@pds| 225 - 4
[2025-04-05 20:43:27] User -> Save Data | approve admin change yes ->admin@pds| 2 - 204
[2025-04-05 20:43:27] User -> Save Data | approve admin change yes ->admin@pds| 225 - 3
[2025-04-05 20:43:27] User -> Save Data | approve admin change yes ->admin@pds| 225 - 3
[2025-04-05 20:43:27] User -> Save Data | approve admin change yes ->admin@pds| 225 - 4
[2025-04-05 20:43:27] User -> Save Data | approve admin change yes ->admin@pds| 225 - 4
[2025-04-05 20:43:27] User -> Save Data | approve admin change yes ->admin@pds| 2 - 204
[2025-04-05 20:43:27] User -> Save Data | approve admin change yes ->admin@pds| 2 - 204
[2025-04-05 20:43:35] Admin User -> Save Data | implemeneted ->admin@pds| 225 - 3
[2025-04-05 20:43:35] Admin User -> Save Data | implemeneted ->admin@pds| 225 - 4
[2025-04-05 20:43:35] Admin User -> Save Data | implemeneted ->admin@pds| 225 - 3
[2025-04-05 20:43:35] Admin User -> Save Data | implemeneted ->admin@pds| 225 - 3
[2025-04-05 20:43:35] Admin User -> Save Data | implemeneted ->admin@pds| 225 - 4
[2025-04-05 20:43:35] Admin User -> Save Data | implemeneted ->admin@pds| 225 - 4
[2025-04-05 20:49:21] User -> District Name Edit->admin@pds| Requested JSON -> {"name":"Ahmedabader","uid":"'6640552c93537'"}
[2025-04-05 20:49:36] User -> District Name Edit->admin@pds| Requested JSON -> {"name":"Ahmedabad","uid":"'6640552c93537'"}
[2025-04-05 20:51:12] User -> Warehouse deleted -> admin@pds| Requested JSON -> {"uid":"all"} | all
[2025-04-05 20:51:25] User -> Warehouse Added -> admin@pds| dhe
[2025-04-05 20:51:27] User -> Warehouse Added -> admin@pds| dhe
[2025-04-05 20:51:30] User -> Warehouse Added -> admin@pds| dhe
[2025-04-05 20:51:32] User -> Warehouse Added -> admin@pds| dhe
[2025-04-05 20:51:33] User -> Warehouse Added -> admin@pds| Dhe
[2025-04-05 20:51:33] User -> Warehouse Added -> admin@pds| Dhe
[2025-04-05 20:51:33] User -> Warehouse Added -> admin@pds| dhe
[2025-04-05 20:51:33] User -> Warehouse Added -> admin@pds| dhe
[2025-04-05 20:51:33] User -> Warehouse Added -> admin@pds| dhe
[2025-04-05 20:51:33] User -> Warehouse Added -> admin@pds| dhe
[2025-04-05 20:52:03] User -> Warehouse Edit -> admin@pds| dhe
[2025-04-05 20:52:03] User -> Warehouse Edit -> admin@pds| dhe
[2025-04-05 20:52:03] User -> Warehouse Edit -> admin@pds| dhe
[2025-04-05 20:52:03] User -> Warehouse Edit -> admin@pds| dhe
[2025-04-05 20:52:03] User -> Warehouse Edit -> admin@pds| Dhe
[2025-04-05 20:52:03] User -> Warehouse Edit -> admin@pds| Dhe
[2025-04-05 20:52:03] User -> Warehouse Edit -> admin@pds| dhe
[2025-04-05 20:52:03] User -> Warehouse Edit -> admin@pds| dhe
[2025-04-05 20:52:03] User -> Warehouse Edit -> admin@pds| dhe
[2025-04-05 20:52:03] User -> Warehouse Edit -> admin@pds| dhe
[2025-04-05 20:52:27] User -> Warehouse Edit -> admin@pds| dhe
[2025-04-05 20:52:28] User -> Warehouse Edit -> admin@pds| dhe
[2025-04-05 20:52:29] User -> Warehouse Edit -> admin@pds| dhe
[2025-04-05 20:52:31] User -> Warehouse Edit -> admin@pds| dhe
[2025-04-05 20:52:31] User -> Warehouse Edit -> admin@pds| Dhe
[2025-04-05 20:52:32] User -> Warehouse Edit -> admin@pds| Dhe
[2025-04-05 20:52:32] User -> Warehouse Edit -> admin@pds| dhe
[2025-04-05 20:52:32] User -> Warehouse Edit -> admin@pds| dhe
[2025-04-05 20:52:32] User -> Warehouse Edit -> admin@pds| dhe
[2025-04-05 20:52:33] User -> Warehouse Edit -> admin@pds| dhe
[2025-04-05 20:53:23] User -> FPS deleted -> admin@pds| Requested JSON -> {"uid":"all"} | all
[2025-04-05 20:53:37] User -> FPS Added -> admin@pds| Abc
[2025-04-05 20:53:38] User -> FPS Added -> admin@pds| Abc
[2025-04-05 20:53:39] User -> FPS Added -> admin@pds| abc
[2025-04-05 20:53:41] User -> FPS Added -> admin@pds| abc
[2025-04-05 20:53:43] User -> FPS Added -> admin@pds| abc
[2025-04-05 20:53:44] User -> FPS Added -> admin@pds| abc
[2025-04-05 20:53:44] User -> FPS Added -> admin@pds| abc
[2025-04-05 20:53:44] User -> FPS Added -> admin@pds| abc
[2025-04-05 20:53:44] User -> FPS Added -> admin@pds| abc
[2025-04-05 20:53:44] User -> FPS Added -> admin@pds| abc
[2025-04-05 20:53:44] User -> FPS Added -> admin@pds| abc
[2025-04-05 20:53:44] User -> FPS Added -> admin@pds| abc
[2025-04-05 20:53:44] User -> FPS Added -> admin@pds| abc
[2025-04-05 20:53:44] User -> FPS Added -> admin@pds| abc
[2025-04-05 20:53:44] User -> FPS Added -> admin@pds| abc
[2025-04-05 20:53:44] User -> FPS Added -> admin@pds| abc
[2025-04-05 20:53:44] User -> FPS Added -> admin@pds| abc
[2025-04-05 20:53:44] User -> FPS Added -> admin@pds| abc
[2025-04-05 20:53:44] User -> FPS Added -> admin@pds| abc
[2025-04-05 20:53:44] User -> FPS Added -> admin@pds| test
[2025-04-05 20:54:06] User -> FPS deleted -> admin@pds| Requested JSON -> {"uid":"all"} | all
[2025-04-05 20:54:18] User -> FPS Added -> admin@pds| Abc
[2025-04-05 20:54:19] User -> FPS Added -> admin@pds| Abc
[2025-04-05 20:54:21] User -> FPS Added -> admin@pds| abc
[2025-04-05 20:54:25] User -> FPS Added -> admin@pds| abc
[2025-04-05 20:54:25] User -> FPS Added -> admin@pds| abc
[2025-04-05 20:54:26] User -> FPS Added -> admin@pds| abc
[2025-04-05 20:54:26] User -> FPS Added -> admin@pds| abc
[2025-04-05 20:54:26] User -> FPS Added -> admin@pds| abc
[2025-04-05 20:54:27] User -> FPS Added -> admin@pds| abc
[2025-04-05 20:54:27] User -> FPS Added -> admin@pds| abc
[2025-04-05 20:54:27] User -> FPS Added -> admin@pds| abc
[2025-04-05 20:54:27] User -> FPS Added -> admin@pds| abc
[2025-04-05 20:54:27] User -> FPS Added -> admin@pds| abc
[2025-04-05 20:54:27] User -> FPS Added -> admin@pds| abc
[2025-04-05 20:54:27] User -> FPS Added -> admin@pds| abc
[2025-04-05 20:54:27] User -> FPS Added -> admin@pds| abc
[2025-04-05 20:54:27] User -> FPS Added -> admin@pds| abc
[2025-04-05 20:54:27] User -> FPS Added -> admin@pds| abc
[2025-04-05 20:54:27] User -> FPS Added -> admin@pds| abc
[2025-04-05 20:54:27] User -> FPS Added -> admin@pds| test
[2025-04-05 20:55:27] User -> FPS Edit -> admin@pds| Abc
[2025-04-05 20:55:27] User -> FPS Edit -> admin@pds| Abc
[2025-04-05 20:55:27] User -> FPS Edit -> admin@pds| abc
[2025-04-05 20:55:27] User -> FPS Edit -> admin@pds| abc
[2025-04-05 20:55:27] User -> FPS Edit -> admin@pds| abc
[2025-04-05 20:55:27] User -> FPS Edit -> admin@pds| abc
[2025-04-05 20:55:27] User -> FPS Edit -> admin@pds| abc
[2025-04-05 20:55:27] User -> FPS Edit -> admin@pds| abc
[2025-04-05 20:55:27] User -> FPS Edit -> admin@pds| abc
[2025-04-05 20:55:27] User -> FPS Edit -> admin@pds| abc
[2025-04-05 20:55:27] User -> FPS Edit -> admin@pds| abc
[2025-04-05 20:55:27] User -> FPS Edit -> admin@pds| abc
[2025-04-05 20:55:27] User -> FPS Edit -> admin@pds| abc
[2025-04-05 20:55:27] User -> FPS Edit -> admin@pds| abc
[2025-04-05 20:55:27] User -> FPS Edit -> admin@pds| abc
[2025-04-05 20:55:27] User -> FPS Edit -> admin@pds| abc
[2025-04-05 20:55:27] User -> FPS Edit -> admin@pds| abc
[2025-04-05 20:55:28] User -> FPS Edit -> admin@pds| abc
[2025-04-05 20:55:28] User -> FPS Edit -> admin@pds| abc
[2025-04-05 20:55:28] User -> FPS Edit -> admin@pds| test
