[2025-04-03 10:59:12] User -> Read Message ->Ahmedabad@pds| Requested JSON -> Hello | Ahmedabad@pds
[2025-04-03 11:02:46] User -> Save Data | district user change id ->Ahmedabad@pds| 225 - 17988 - Wheat| same
[2025-04-03 11:07:06] User -> Save Data | district user change id ->Ahmedabad@pds| 225 - 17978 - Wheat| same
[2025-04-03 11:19:56] District_User -> Warehouse added ->Ahmedabad@pds| Requested JSON -> {"name":"test","type":"motorable","latitude":"9.89","storage":"0","district":"Ahmedabad","id":"123pou","warehousetype":"swc","longitude":"76.7661"}
[2025-04-03 11:20:01] District User -> Warehouse InActive -> Ahmedabad@pds| Test
[2025-04-03 11:20:03] District User -> Warehouse Active -> Ahmedabad@pds| Test
[2025-04-03 11:20:40] District User -> Warehouse Edit->Ahmedabad@pds| Requested JSON -> {"name":"Test","uniqueid":"WH_67ee2184e2be","active":"1","type":"motorable","latitude":"9.89","storage":"0","district":"Ahmedabad","id":"123pou","warehousetype":"swc","longitude":"76.7661"}
[2025-04-03 11:21:12] District User -> Warehouse deleted -> Ahmedabad@pds| Requested JSON -> {"uid":"WH_67ee2184e2be"} | Test
[2025-04-03 11:21:21] District User -> Warehouse deleted -> Ahmedabad@pds| Requested JSON -> {"uid":"WH_67ed4aad86f2"} | dhe
[2025-04-03 11:21:24] District User -> Warehouse deleted -> Ahmedabad@pds| Requested JSON -> {"uid":"WH_67ed4aad8030"} | dhe
[2025-04-03 11:21:27] District User -> Warehouse deleted -> Ahmedabad@pds| Requested JSON -> {"uid":"all"} | all
[2025-04-03 11:21:39] District User -> Warehouse Added -> Ahmedabad@pds| dhe
[2025-04-03 11:21:40] District User -> Warehouse Added -> Ahmedabad@pds| dhe
[2025-04-03 11:21:40] District User -> Warehouse Added -> Ahmedabad@pds| dhe
[2025-04-03 11:21:40] District User -> Warehouse Added -> Ahmedabad@pds| dhe
[2025-04-03 11:21:40] District User -> Warehouse Added -> Ahmedabad@pds| dhe
[2025-04-03 11:21:40] District User -> Warehouse Added -> Ahmedabad@pds| dhe
[2025-04-03 11:21:56] District User -> Warehouse Edit -> Ahmedabad@pds| dhe
[2025-04-03 11:21:56] District User -> Warehouse Edit -> Ahmedabad@pds| dhe
[2025-04-03 11:21:56] District User -> Warehouse Edit -> Ahmedabad@pds| dhe
[2025-04-03 11:21:56] District User -> Warehouse Edit -> Ahmedabad@pds| dhe
[2025-04-03 11:21:56] District User -> Warehouse Edit -> Ahmedabad@pds| dhe
[2025-04-03 11:21:56] District User -> Warehouse Edit -> Ahmedabad@pds| dhe
[2025-04-03 11:22:17] District User -> Warehouse deleted -> Ahmedabad@pds| Requested JSON -> {"uid":"all"} | all
[2025-04-03 11:22:34] District User -> Warehouse Added -> Ahmedabad@pds| dhe
[2025-04-03 11:22:35] District User -> Warehouse Added -> Ahmedabad@pds| dhe
[2025-04-03 11:22:35] District User -> Warehouse Added -> Ahmedabad@pds| dhe
[2025-04-03 11:22:35] District User -> Warehouse Added -> Ahmedabad@pds| dhe
[2025-04-03 11:22:35] District User -> Warehouse Added -> Ahmedabad@pds| dhe
[2025-04-03 11:22:35] District User -> Warehouse Added -> Ahmedabad@pds| dhe
[2025-04-03 11:26:38] District User -> FPS added ->Ahmedabad@pds| Requested JSON -> {"name":"test","type":"Normal FPS","latitude":"9.89","longitude":"76.7661","district":"Ahmedabad","id":"123ASD","demand":"0","demand_rice":"0","demand_frice":"0"}
[2025-04-03 11:26:47] District User -> FPS InActive -> Ahmedabad@pds| test
[2025-04-03 11:26:54] District User -> FPS Active -> Ahmedabad@pds| test
[2025-04-03 11:27:07] District User -> FPS Edit->Ahmedabad@pds| Requested JSON -> {"name":"test","uniqueid":"FPS_67ee231625f","active":"1","type":"Normal FPS","latitude":"9.89","longitude":"76.7661","district":"Ahmedabad","id":"123ASD","demand":"0","demand_rice":"0","demand_frice":"0"}
[2025-04-03 11:27:16] district_user -> FPS deleted -> Ahmedabad@pds| Requested JSON -> {"uid":"FPS_67ee231625f"} | Test
[2025-04-03 11:27:21] User -> Read Message ->Ahmedabad@pds| Requested JSON -> Hello | Ahmedabad@pds
[2025-04-03 11:27:24] User -> Read Message ->Ahmedabad@pds| Requested JSON -> hello | Ahmedabad@pds
[2025-04-03 11:28:05] User -> Read Message ->Ahmedabad@pds| Requested JSON -> hello | Ahmedabad@pds
[2025-04-03 11:28:22] User -> Read Message ->Ahmedabad@pds| Requested JSON -> Hello | Ahmedabad@pds
[2025-04-03 11:29:11] User -> Read Message ->Ahmedabad@pds| Requested JSON -> Hello | Ahmedabad@pds
[2025-04-03 11:31:46] User -> Save Data | district user change id ->Ahmedabad@pds| 225 - 17989 - Wheat| same
[2025-04-03 11:34:22] User -> Save Data | district user change id ->Ahmedabad@pds| 225 - 17998 - Wheat| same
[2025-04-03 13:06:22] district User -> Save Data | approve district change yes ->Ahmedabad@pds| 225 - 17995 - Wheat
[2025-04-03 13:06:40] User -> Save Data | district user change id ->Ahmedabad@pds| 225 - 17996 - Wheat| same
[2025-04-03 13:08:43] district User -> Save Data | approve district change yes ->Ahmedabad@pds| 225 - 17999 - Wheat
[2025-04-03 13:09:07] User -> Save Data | district user change id ->Ahmedabad@pds| 225 - 18000 - Wheat| same
[2025-04-03 13:11:07] User -> Save Data | district user change id ->Ahmedabad@pds| 225 - 18000 - Wheat| same
[2025-04-03 13:12:52] district User -> Save Data | approve district change yes ->Ahmedabad@pds| 225 - 18001 - Wheat
[2025-04-03 13:13:24] district User -> Save Data | approve district change yes ->Ahmedabad@pds| 225 - 18002 - Wheat
[2025-04-03 16:13:43] district User -> Save Data | approve district change yes ->Ahmedabad@pds| 225 - 17791 - Wheat
[2025-04-03 16:13:43] district User -> Save Data | approve district change yes ->Ahmedabad@pds| 225 - 17978 - Wheat
[2025-04-03 16:15:37] district User -> Save Data | approve district change yes ->Ahmedabad@pds| 225 - 17792 - Wheat
[2025-04-03 16:15:37] district User -> Save Data | approve district change yes ->Ahmedabad@pds| 225 - 17982 - Wheat
[2025-04-03 16:15:37] district User -> Save Data | approve district change yes ->Ahmedabad@pds| 225 - 17988 - Wheat
[2025-04-03 16:15:37] district User -> Save Data | approve district change yes ->Ahmedabad@pds| 225 - 17989 - Wheat
[2025-04-03 16:15:37] district User -> Save Data | approve district change yes ->Ahmedabad@pds| 225 - 17997 - Wheat
[2025-04-03 16:15:37] district User -> Save Data | approve district change yes ->Ahmedabad@pds| 225 - 17998 - Wheat
[2025-04-03 16:15:38] district User -> Save Data | approve district change yes ->Ahmedabad@pds| 225 - 17999 - Wheat
[2025-04-03 16:15:38] district User -> Save Data | approve district change yes ->Ahmedabad@pds| 225 - 18000 - Wheat
[2025-04-03 16:15:38] district User -> Save Data | approve district change yes ->Ahmedabad@pds| 225 - 18001 - Wheat
[2025-04-03 16:15:38] district User -> Save Data | approve district change yes ->Ahmedabad@pds| 225 - 18004 - Wheat
[2025-04-03 16:15:38] district User -> Save Data | approve district change yes ->Ahmedabad@pds| 225 - 18007 - Wheat
[2025-04-03 16:15:38] district User -> Save Data | approve district change yes ->Ahmedabad@pds| 225 - 18010 - Wheat
[2025-04-03 16:15:38] district User -> Save Data | approve district change yes ->Ahmedabad@pds| 225 - 18013 - Wheat
[2025-04-03 16:15:38] district User -> Save Data | approve district change yes ->Ahmedabad@pds| 225 - 18020 - Wheat
[2025-04-03 16:15:38] district User -> Save Data | approve district change yes ->Ahmedabad@pds| 225 - 18022 - Wheat
[2025-04-03 16:15:38] district User -> Save Data | approve district change yes ->Ahmedabad@pds| 225 - 18046 - Wheat
[2025-04-03 16:15:38] district User -> Save Data | approve district change yes ->Ahmedabad@pds| 225 - 18048 - Wheat
[2025-04-03 16:15:38] district User -> Save Data | approve district change yes ->Ahmedabad@pds| 225 - 17791 - Rice
[2025-04-03 16:15:38] district User -> Save Data | approve district change yes ->Ahmedabad@pds| 225 - 17792 - Rice
[2025-04-03 16:15:38] district User -> Save Data | approve district change yes ->Ahmedabad@pds| 225 - 17978 - Rice
[2025-04-03 16:15:38] district User -> Save Data | approve district change yes ->Ahmedabad@pds| 225 - 17982 - Rice
[2025-04-03 16:15:38] district User -> Save Data | approve district change yes ->Ahmedabad@pds| 225 - 17988 - Rice
[2025-04-03 16:15:38] district User -> Save Data | approve district change yes ->Ahmedabad@pds| 225 - 17989 - Rice
[2025-04-03 16:15:38] district User -> Save Data | approve district change yes ->Ahmedabad@pds| 225 - 17997 - Rice
[2025-04-03 16:15:38] district User -> Save Data | approve district change yes ->Ahmedabad@pds| 225 - 17998 - Rice
[2025-04-03 16:15:38] district User -> Save Data | approve district change yes ->Ahmedabad@pds| 225 - 17999 - Rice
[2025-04-03 16:15:38] district User -> Save Data | approve district change yes ->Ahmedabad@pds| 225 - 18000 - Rice
[2025-04-03 16:15:38] district User -> Save Data | approve district change yes ->Ahmedabad@pds| 225 - 18001 - Rice
[2025-04-03 16:15:38] district User -> Save Data | approve district change yes ->Ahmedabad@pds| 225 - 18004 - Rice
[2025-04-03 16:15:38] district User -> Save Data | approve district change yes ->Ahmedabad@pds| 225 - 18007 - Rice
[2025-04-03 16:15:39] district User -> Save Data | approve district change yes ->Ahmedabad@pds| 225 - 18010 - Rice
[2025-04-03 16:15:39] district User -> Save Data | approve district change yes ->Ahmedabad@pds| 225 - 18013 - Rice
[2025-04-03 16:15:39] district User -> Save Data | approve district change yes ->Ahmedabad@pds| 225 - 18020 - Rice
[2025-04-03 16:15:39] district User -> Save Data | approve district change yes ->Ahmedabad@pds| 225 - 18022 - Rice
[2025-04-03 16:15:39] district User -> Save Data | approve district change yes ->Ahmedabad@pds| 225 - 18046 - Rice
[2025-04-03 16:15:39] district User -> Save Data | approve district change yes ->Ahmedabad@pds| 225 - 18048 - Rice
[2025-04-03 16:15:39] district User -> Save Data | approve district change yes ->Ahmedabad@pds| 225 - 17791 - FRice
[2025-04-03 16:15:39] district User -> Save Data | approve district change yes ->Ahmedabad@pds| 225 - 17792 - FRice
[2025-04-03 16:15:39] district User -> Save Data | approve district change yes ->Ahmedabad@pds| 225 - 17978 - FRice
[2025-04-03 16:15:39] district User -> Save Data | approve district change yes ->Ahmedabad@pds| 225 - 17982 - FRice
[2025-04-03 16:15:39] district User -> Save Data | approve district change yes ->Ahmedabad@pds| 225 - 17988 - FRice
[2025-04-03 16:15:39] district User -> Save Data | approve district change yes ->Ahmedabad@pds| 225 - 17989 - FRice
[2025-04-03 16:15:39] district User -> Save Data | approve district change yes ->Ahmedabad@pds| 225 - 17997 - FRice
[2025-04-03 16:15:39] district User -> Save Data | approve district change yes ->Ahmedabad@pds| 225 - 17998 - FRice
[2025-04-03 16:15:39] district User -> Save Data | approve district change yes ->Ahmedabad@pds| 225 - 17999 - FRice
[2025-04-03 16:15:39] district User -> Save Data | approve district change yes ->Ahmedabad@pds| 225 - 18000 - FRice
[2025-04-03 16:15:39] district User -> Save Data | approve district change yes ->Ahmedabad@pds| 225 - 18001 - FRice
[2025-04-03 16:15:40] district User -> Save Data | approve district change yes ->Ahmedabad@pds| 225 - 18004 - FRice
[2025-04-03 16:15:40] district User -> Save Data | approve district change yes ->Ahmedabad@pds| 225 - 18007 - FRice
[2025-04-03 16:15:40] district User -> Save Data | approve district change yes ->Ahmedabad@pds| 225 - 18010 - FRice
[2025-04-03 16:15:40] district User -> Save Data | approve district change yes ->Ahmedabad@pds| 225 - 18013 - FRice
[2025-04-03 16:15:40] district User -> Save Data | approve district change yes ->Ahmedabad@pds| 225 - 18020 - FRice
[2025-04-03 16:15:40] district User -> Save Data | approve district change yes ->Ahmedabad@pds| 225 - 18022 - FRice
[2025-04-03 16:15:40] district User -> Save Data | approve district change yes ->Ahmedabad@pds| 225 - 18046 - FRice
[2025-04-03 16:15:40] district User -> Save Data | approve district change yes ->Ahmedabad@pds| 225 - 18048 - FRice
[2025-04-03 16:15:40] district User -> Save Data | approve district change yes ->Ahmedabad@pds| 2 - admin@pds - Wheat
[2025-04-03 16:15:40] district User -> Save Data | approve district change yes ->Ahmedabad@pds| 2 - admin@pds - Rice
[2025-04-03 16:15:40] district User -> Save Data | approve district change yes ->Ahmedabad@pds| 2 - admin@pds - FRice
[2025-04-03 16:40:32] User -> Save Data | district user change id ->Ahmedabad@pds| 225 - 17791 - Wheat| same
[2025-04-03 16:41:28] User -> Save Data | district user change id ->Ahmedabad@pds| 225 - 17792 - Wheat| same
[2025-04-03 16:42:58] district User -> Save Data | approve district change yes ->Ahmedabad@pds| 225 - 17978 - Wheat
[2025-04-03 16:43:24] User -> Save Data | district user change id ->Ahmedabad@pds| 225 - 17982 - Wheat| same
[2025-04-03 16:45:01] User -> Save Data | district user change id ->Ahmedabad@pds| 225 - 17988 - Wheat| same
[2025-04-03 16:46:18] User -> Save Data | district user change id ->Ahmedabad@pds| 225 - 17988 - Wheat| same
[2025-04-03 16:46:44] User -> Save Data | district user change id ->Ahmedabad@pds| 225 - 17989 - Wheat| same
