[2025-04-05 20:10:26] district User -> Save Data | implemeneted ->Ahmedabad@pds| 225 - 17791 - Wheat
[2025-04-05 20:10:26] district User -> Save Data | implemeneted ->Ahmedabad@pds| 225 - 17792 - Wheat
[2025-04-05 20:10:26] district User -> Save Data | implemeneted ->Ahmedabad@pds| 225 - 17978 - Wheat
[2025-04-05 20:10:26] district User -> Save Data | implemeneted ->Ahmedabad@pds| 225 - 17982 - Wheat
[2025-04-05 20:10:26] district User -> Save Data | implemeneted ->Ahmedabad@pds| 225 - 17988 - Wheat
[2025-04-05 20:10:26] district User -> Save Data | implemeneted ->Ahmedabad@pds| 225 - 17989 - Wheat
[2025-04-05 20:10:27] district User -> Save Data | implemeneted ->Ahmedabad@pds| 225 - 17997 - Wheat
[2025-04-05 20:10:27] district User -> Save Data | implemeneted ->Ahmedabad@pds| 225 - 17998 - Wheat
[2025-04-05 20:10:27] district User -> Save Data | implemeneted ->Ahmedabad@pds| 225 - 17999 - Wheat
[2025-04-05 20:10:27] district User -> Save Data | implemeneted ->Ahmedabad@pds| 225 - 18000 - Wheat
[2025-04-05 20:10:27] district User -> Save Data | implemeneted ->Ahmedabad@pds| 225 - 18001 - Wheat
[2025-04-05 20:10:27] district User -> Save Data | implemeneted ->Ahmedabad@pds| 225 - 18004 - Wheat
[2025-04-05 20:10:27] district User -> Save Data | implemeneted ->Ahmedabad@pds| 225 - 18007 - Wheat
[2025-04-05 20:10:27] district User -> Save Data | implemeneted ->Ahmedabad@pds| 225 - 18010 - Wheat
[2025-04-05 20:10:27] district User -> Save Data | implemeneted ->Ahmedabad@pds| 225 - 18013 - Wheat
[2025-04-05 20:10:27] district User -> Save Data | implemeneted ->Ahmedabad@pds| 225 - 18020 - Wheat
[2025-04-05 20:10:27] district User -> Save Data | implemeneted ->Ahmedabad@pds| 225 - 18022 - Wheat
[2025-04-05 20:10:27] district User -> Save Data | implemeneted ->Ahmedabad@pds| 225 - 18046 - Wheat
[2025-04-05 20:10:27] district User -> Save Data | implemeneted ->Ahmedabad@pds| 225 - 18048 - Wheat
[2025-04-05 20:10:27] district User -> Save Data | implemeneted ->Ahmedabad@pds| 225 - 17791 - Rice
[2025-04-05 20:10:27] district User -> Save Data | implemeneted ->Ahmedabad@pds| 225 - 17792 - Rice
[2025-04-05 20:10:27] district User -> Save Data | implemeneted ->Ahmedabad@pds| 225 - 17978 - Rice
[2025-04-05 20:10:27] district User -> Save Data | implemeneted ->Ahmedabad@pds| 225 - 17982 - Rice
[2025-04-05 20:10:27] district User -> Save Data | implemeneted ->Ahmedabad@pds| 225 - 17988 - Rice
[2025-04-05 20:10:27] district User -> Save Data | implemeneted ->Ahmedabad@pds| 225 - 17989 - Rice
[2025-04-05 20:10:27] district User -> Save Data | implemeneted ->Ahmedabad@pds| 225 - 17997 - Rice
[2025-04-05 20:10:27] district User -> Save Data | implemeneted ->Ahmedabad@pds| 225 - 17998 - Rice
[2025-04-05 20:10:28] district User -> Save Data | implemeneted ->Ahmedabad@pds| 225 - 17999 - Rice
[2025-04-05 20:10:28] district User -> Save Data | implemeneted ->Ahmedabad@pds| 225 - 18000 - Rice
[2025-04-05 20:10:28] district User -> Save Data | implemeneted ->Ahmedabad@pds| 225 - 18001 - Rice
[2025-04-05 20:10:28] district User -> Save Data | implemeneted ->Ahmedabad@pds| 225 - 18004 - Rice
[2025-04-05 20:10:28] district User -> Save Data | implemeneted ->Ahmedabad@pds| 225 - 18007 - Rice
[2025-04-05 20:10:28] district User -> Save Data | implemeneted ->Ahmedabad@pds| 225 - 18010 - Rice
[2025-04-05 20:10:28] district User -> Save Data | implemeneted ->Ahmedabad@pds| 225 - 18013 - Rice
[2025-04-05 20:10:28] district User -> Save Data | implemeneted ->Ahmedabad@pds| 225 - 18020 - Rice
[2025-04-05 20:10:28] district User -> Save Data | implemeneted ->Ahmedabad@pds| 225 - 18022 - Rice
[2025-04-05 20:10:28] district User -> Save Data | implemeneted ->Ahmedabad@pds| 225 - 18046 - Rice
[2025-04-05 20:10:28] district User -> Save Data | implemeneted ->Ahmedabad@pds| 225 - 18048 - Rice
[2025-04-05 20:10:28] district User -> Save Data | implemeneted ->Ahmedabad@pds| 225 - 17791 - FRice
[2025-04-05 20:10:28] district User -> Save Data | implemeneted ->Ahmedabad@pds| 225 - 17792 - FRice
[2025-04-05 20:10:28] district User -> Save Data | implemeneted ->Ahmedabad@pds| 225 - 17978 - FRice
[2025-04-05 20:10:28] district User -> Save Data | implemeneted ->Ahmedabad@pds| 225 - 17982 - FRice
[2025-04-05 20:10:28] district User -> Save Data | implemeneted ->Ahmedabad@pds| 225 - 17988 - FRice
[2025-04-05 20:10:28] district User -> Save Data | implemeneted ->Ahmedabad@pds| 225 - 17989 - FRice
[2025-04-05 20:10:28] district User -> Save Data | implemeneted ->Ahmedabad@pds| 225 - 17997 - FRice
[2025-04-05 20:10:28] district User -> Save Data | implemeneted ->Ahmedabad@pds| 225 - 17998 - FRice
[2025-04-05 20:10:28] district User -> Save Data | implemeneted ->Ahmedabad@pds| 225 - 17999 - FRice
[2025-04-05 20:10:28] district User -> Save Data | implemeneted ->Ahmedabad@pds| 225 - 18000 - FRice
[2025-04-05 20:10:28] district User -> Save Data | implemeneted ->Ahmedabad@pds| 225 - 18001 - FRice
[2025-04-05 20:10:28] district User -> Save Data | implemeneted ->Ahmedabad@pds| 225 - 18004 - FRice
[2025-04-05 20:10:29] district User -> Save Data | implemeneted ->Ahmedabad@pds| 225 - 18007 - FRice
[2025-04-05 20:10:29] district User -> Save Data | implemeneted ->Ahmedabad@pds| 225 - 18010 - FRice
[2025-04-05 20:10:29] district User -> Save Data | implemeneted ->Ahmedabad@pds| 225 - 18013 - FRice
[2025-04-05 20:10:29] district User -> Save Data | implemeneted ->Ahmedabad@pds| 225 - 18020 - FRice
[2025-04-05 20:10:29] district User -> Save Data | implemeneted ->Ahmedabad@pds| 225 - 18022 - FRice
[2025-04-05 20:10:29] district User -> Save Data | implemeneted ->Ahmedabad@pds| 225 - 18046 - FRice
[2025-04-05 20:10:29] district User -> Save Data | implemeneted ->Ahmedabad@pds| 225 - 18048 - FRice
[2025-04-05 20:10:29] district User -> Save Data | implemeneted ->Ahmedabad@pds| 2 - admin@pds - Wheat
[2025-04-05 20:10:29] district User -> Save Data | implemeneted ->Ahmedabad@pds| 2 - admin@pds - Rice
[2025-04-05 20:10:29] district User -> Save Data | implemeneted ->Ahmedabad@pds| 2 - admin@pds - FRice
[2025-04-05 20:40:55] district User -> Save Data | implemeneted ->Ahmedabad@pds| 3 - 18048 - Wheat
[2025-04-05 20:40:55] district User -> Save Data | implemeneted ->Ahmedabad@pds| 4 - 17791 - Wheat
[2025-04-05 20:40:55] district User -> Save Data | implemeneted ->Ahmedabad@pds| 4 - 17792 - Wheat
[2025-04-05 20:40:55] district User -> Save Data | implemeneted ->Ahmedabad@pds| 4 - 17978 - Wheat
[2025-04-05 20:40:55] district User -> Save Data | implemeneted ->Ahmedabad@pds| 4 - 17982 - Wheat
[2025-04-05 20:40:55] district User -> Save Data | implemeneted ->Ahmedabad@pds| 4 - 17988 - Wheat
[2025-04-05 20:40:55] district User -> Save Data | implemeneted ->Ahmedabad@pds| 4 - 17989 - Wheat
[2025-04-05 20:40:55] district User -> Save Data | implemeneted ->Ahmedabad@pds| 4 - 17997 - Wheat
[2025-04-05 20:40:55] district User -> Save Data | implemeneted ->Ahmedabad@pds| 4 - 17998 - Wheat
[2025-04-05 20:40:55] district User -> Save Data | implemeneted ->Ahmedabad@pds| 4 - 17999 - Wheat
[2025-04-05 20:40:55] district User -> Save Data | implemeneted ->Ahmedabad@pds| 4 - 18000 - Wheat
[2025-04-05 20:40:55] district User -> Save Data | implemeneted ->Ahmedabad@pds| 4 - 18001 - Wheat
[2025-04-05 20:40:55] district User -> Save Data | implemeneted ->Ahmedabad@pds| 4 - 18004 - Wheat
[2025-04-05 20:40:55] district User -> Save Data | implemeneted ->Ahmedabad@pds| 4 - 18007 - Wheat
[2025-04-05 20:40:55] district User -> Save Data | implemeneted ->Ahmedabad@pds| 4 - 18010 - Wheat
[2025-04-05 20:40:56] district User -> Save Data | implemeneted ->Ahmedabad@pds| 4 - 18013 - Wheat
[2025-04-05 20:40:56] district User -> Save Data | implemeneted ->Ahmedabad@pds| 4 - 18020 - Wheat
[2025-04-05 20:40:56] district User -> Save Data | implemeneted ->Ahmedabad@pds| 4 - 18022 - Wheat
[2025-04-05 20:40:56] district User -> Save Data | implemeneted ->Ahmedabad@pds| 4 - 18046 - Wheat
[2025-04-05 20:40:56] district User -> Save Data | implemeneted ->Ahmedabad@pds| 3 - 18048 - Rice
[2025-04-05 20:40:56] district User -> Save Data | implemeneted ->Ahmedabad@pds| 4 - 17791 - Rice
[2025-04-05 20:40:56] district User -> Save Data | implemeneted ->Ahmedabad@pds| 4 - 17792 - Rice
[2025-04-05 20:40:56] district User -> Save Data | implemeneted ->Ahmedabad@pds| 4 - 17978 - Rice
[2025-04-05 20:40:56] district User -> Save Data | implemeneted ->Ahmedabad@pds| 4 - 17982 - Rice
[2025-04-05 20:40:56] district User -> Save Data | implemeneted ->Ahmedabad@pds| 4 - 17988 - Rice
[2025-04-05 20:40:56] district User -> Save Data | implemeneted ->Ahmedabad@pds| 4 - 17989 - Rice
[2025-04-05 20:40:56] district User -> Save Data | implemeneted ->Ahmedabad@pds| 4 - 17997 - Rice
[2025-04-05 20:40:56] district User -> Save Data | implemeneted ->Ahmedabad@pds| 4 - 17998 - Rice
[2025-04-05 20:40:56] district User -> Save Data | implemeneted ->Ahmedabad@pds| 4 - 17999 - Rice
[2025-04-05 20:40:56] district User -> Save Data | implemeneted ->Ahmedabad@pds| 4 - 18000 - Rice
[2025-04-05 20:40:56] district User -> Save Data | implemeneted ->Ahmedabad@pds| 4 - 18001 - Rice
[2025-04-05 20:40:56] district User -> Save Data | implemeneted ->Ahmedabad@pds| 4 - 18004 - Rice
[2025-04-05 20:40:56] district User -> Save Data | implemeneted ->Ahmedabad@pds| 4 - 18007 - Rice
[2025-04-05 20:40:56] district User -> Save Data | implemeneted ->Ahmedabad@pds| 4 - 18010 - Rice
[2025-04-05 20:40:56] district User -> Save Data | implemeneted ->Ahmedabad@pds| 4 - 18013 - Rice
[2025-04-05 20:40:57] district User -> Save Data | implemeneted ->Ahmedabad@pds| 4 - 18020 - Rice
[2025-04-05 20:40:57] district User -> Save Data | implemeneted ->Ahmedabad@pds| 4 - 18022 - Rice
[2025-04-05 20:40:57] district User -> Save Data | implemeneted ->Ahmedabad@pds| 4 - 18046 - Rice
[2025-04-05 20:40:57] district User -> Save Data | implemeneted ->Ahmedabad@pds| 3 - 18048 - FRice
[2025-04-05 20:40:57] district User -> Save Data | implemeneted ->Ahmedabad@pds| 4 - 17791 - FRice
[2025-04-05 20:40:57] district User -> Save Data | implemeneted ->Ahmedabad@pds| 4 - 17792 - FRice
[2025-04-05 20:40:57] district User -> Save Data | implemeneted ->Ahmedabad@pds| 4 - 17978 - FRice
[2025-04-05 20:40:57] district User -> Save Data | implemeneted ->Ahmedabad@pds| 4 - 17982 - FRice
[2025-04-05 20:40:57] district User -> Save Data | implemeneted ->Ahmedabad@pds| 4 - 17988 - FRice
[2025-04-05 20:40:57] district User -> Save Data | implemeneted ->Ahmedabad@pds| 4 - 17989 - FRice
[2025-04-05 20:40:57] district User -> Save Data | implemeneted ->Ahmedabad@pds| 4 - 17997 - FRice
[2025-04-05 20:40:57] district User -> Save Data | implemeneted ->Ahmedabad@pds| 4 - 17998 - FRice
[2025-04-05 20:40:57] district User -> Save Data | implemeneted ->Ahmedabad@pds| 4 - 17999 - FRice
[2025-04-05 20:40:57] district User -> Save Data | implemeneted ->Ahmedabad@pds| 4 - 18000 - FRice
[2025-04-05 20:40:57] district User -> Save Data | implemeneted ->Ahmedabad@pds| 4 - 18001 - FRice
[2025-04-05 20:40:57] district User -> Save Data | implemeneted ->Ahmedabad@pds| 4 - 18004 - FRice
[2025-04-05 20:40:57] district User -> Save Data | implemeneted ->Ahmedabad@pds| 4 - 18007 - FRice
[2025-04-05 20:40:57] district User -> Save Data | implemeneted ->Ahmedabad@pds| 4 - 18010 - FRice
[2025-04-05 20:40:57] district User -> Save Data | implemeneted ->Ahmedabad@pds| 4 - 18013 - FRice
[2025-04-05 20:40:57] district User -> Save Data | implemeneted ->Ahmedabad@pds| 4 - 18020 - FRice
[2025-04-05 20:40:57] district User -> Save Data | implemeneted ->Ahmedabad@pds| 4 - 18022 - FRice
[2025-04-05 20:40:58] district User -> Save Data | implemeneted ->Ahmedabad@pds| 4 - 18046 - FRice
[2025-04-05 20:40:58] district User -> Save Data | implemeneted ->Ahmedabad@pds| 204 - admin@pds - Wheat
[2025-04-05 20:40:58] district User -> Save Data | implemeneted ->Ahmedabad@pds| 204 - admin@pds - Rice
[2025-04-05 20:40:58] district User -> Save Data | implemeneted ->Ahmedabad@pds| 204 - admin@pds - FRice
